[0.058s] DEBUG:colcon:Command line arguments: ['/usr/bin/colcon', 'build']
[0.058s] DEBUG:colcon:Parsed command line arguments: Namespace(log_base=None, log_level=None, verb_name='build', build_base='build', install_base='install', merge_install=False, symlink_install=False, test_result_base=None, continue_on_error=False, executor='parallel', parallel_workers=12, event_handlers=None, ignore_user_meta=False, metas=['./colcon.meta'], base_paths=['.'], packages_ignore=None, packages_ignore_regex=None, paths=None, packages_up_to=None, packages_up_to_regex=None, packages_above=None, packages_above_and_dependencies=None, packages_above_depth=None, packages_select_by_dep=None, packages_skip_by_dep=None, packages_skip_up_to=None, packages_select_build_failed=False, packages_skip_build_finished=False, packages_select_test_failures=False, packages_skip_test_passed=False, packages_select=None, packages_skip=None, packages_select_regex=None, packages_skip_regex=None, packages_start=None, packages_end=None, allow_overriding=[], cmake_args=None, cmake_target=None, cmake_target_skip_unavailable=False, cmake_clean_cache=False, cmake_clean_first=False, cmake_force_configure=False, ament_cmake_args=None, catkin_cmake_args=None, catkin_skip_building_tests=False, mixin_files=None, mixin=None, verb_parser=<colcon_mixin.mixin.mixin_argument.MixinArgumentDecorator object at 0x782710ca4c10>, verb_extension=<colcon_core.verb.build.BuildVerb object at 0x782710ca4640>, main=<bound method BuildVerb.main of <colcon_core.verb.build.BuildVerb object at 0x782710ca4640>>, mixin_verb=('build',))
[0.078s] Level 1:colcon.colcon_core.package_discovery:discover_packages(colcon_meta) check parameters
[0.078s] Level 1:colcon.colcon_core.package_discovery:discover_packages(recursive) check parameters
[0.078s] Level 1:colcon.colcon_core.package_discovery:discover_packages(ignore) check parameters
[0.078s] Level 1:colcon.colcon_core.package_discovery:discover_packages(path) check parameters
[0.078s] Level 1:colcon.colcon_core.package_discovery:discover_packages(colcon_meta) discover
[0.078s] Level 1:colcon.colcon_core.package_discovery:discover_packages(recursive) discover
[0.078s] INFO:colcon.colcon_core.package_discovery:Crawling recursively for packages in '/home/stereo/ESMStereo/kitti_publisher'
[0.078s] Level 1:colcon.colcon_core.package_identification:_identify(.) by extensions ['ignore', 'ignore_ament_install']
[0.078s] Level 1:colcon.colcon_core.package_identification:_identify(.) by extension 'ignore'
[0.078s] Level 1:colcon.colcon_core.package_identification:_identify(.) by extension 'ignore_ament_install'
[0.078s] Level 1:colcon.colcon_core.package_identification:_identify(.) by extensions ['colcon_pkg']
[0.078s] Level 1:colcon.colcon_core.package_identification:_identify(.) by extension 'colcon_pkg'
[0.078s] Level 1:colcon.colcon_core.package_identification:_identify(.) by extensions ['colcon_meta']
[0.078s] Level 1:colcon.colcon_core.package_identification:_identify(.) by extension 'colcon_meta'
[0.078s] Level 1:colcon.colcon_core.package_identification:_identify(.) by extensions ['ros']
[0.078s] Level 1:colcon.colcon_core.package_identification:_identify(.) by extension 'ros'
[0.086s] Level 1:colcon.colcon_core.package_identification:_identify(.) by extensions ['cmake', 'python']
[0.086s] Level 1:colcon.colcon_core.package_identification:_identify(.) by extension 'cmake'
[0.086s] Level 1:colcon.colcon_core.package_identification:_identify(.) by extension 'python'
[0.086s] Level 1:colcon.colcon_core.package_identification:_identify(.) by extensions ['python_setup_py']
[0.086s] Level 1:colcon.colcon_core.package_identification:_identify(.) by extension 'python_setup_py'
[0.086s] Level 1:colcon.colcon_core.package_identification:_identify(build) by extensions ['ignore', 'ignore_ament_install']
[0.086s] Level 1:colcon.colcon_core.package_identification:_identify(build) by extension 'ignore'
[0.087s] Level 1:colcon.colcon_core.package_identification:_identify(build) ignored
[0.087s] Level 1:colcon.colcon_core.package_identification:_identify(install) by extensions ['ignore', 'ignore_ament_install']
[0.087s] Level 1:colcon.colcon_core.package_identification:_identify(install) by extension 'ignore'
[0.087s] Level 1:colcon.colcon_core.package_identification:_identify(install) ignored
[0.087s] Level 1:colcon.colcon_core.package_identification:_identify(log) by extensions ['ignore', 'ignore_ament_install']
[0.087s] Level 1:colcon.colcon_core.package_identification:_identify(log) by extension 'ignore'
[0.087s] Level 1:colcon.colcon_core.package_identification:_identify(log) ignored
[0.087s] Level 1:colcon.colcon_core.package_identification:_identify(src) by extensions ['ignore', 'ignore_ament_install']
[0.087s] Level 1:colcon.colcon_core.package_identification:_identify(src) by extension 'ignore'
[0.087s] Level 1:colcon.colcon_core.package_identification:_identify(src) by extension 'ignore_ament_install'
[0.087s] Level 1:colcon.colcon_core.package_identification:_identify(src) by extensions ['colcon_pkg']
[0.087s] Level 1:colcon.colcon_core.package_identification:_identify(src) by extension 'colcon_pkg'
[0.087s] Level 1:colcon.colcon_core.package_identification:_identify(src) by extensions ['colcon_meta']
[0.087s] Level 1:colcon.colcon_core.package_identification:_identify(src) by extension 'colcon_meta'
[0.087s] Level 1:colcon.colcon_core.package_identification:_identify(src) by extensions ['ros']
[0.087s] Level 1:colcon.colcon_core.package_identification:_identify(src) by extension 'ros'
[0.087s] Level 1:colcon.colcon_core.package_identification:_identify(src) by extensions ['cmake', 'python']
[0.087s] Level 1:colcon.colcon_core.package_identification:_identify(src) by extension 'cmake'
[0.087s] Level 1:colcon.colcon_core.package_identification:_identify(src) by extension 'python'
[0.087s] Level 1:colcon.colcon_core.package_identification:_identify(src) by extensions ['python_setup_py']
[0.087s] Level 1:colcon.colcon_core.package_identification:_identify(src) by extension 'python_setup_py'
[0.087s] Level 1:colcon.colcon_core.package_identification:_identify(src/kitti_publisher) by extensions ['ignore', 'ignore_ament_install']
[0.087s] Level 1:colcon.colcon_core.package_identification:_identify(src/kitti_publisher) by extension 'ignore'
[0.087s] Level 1:colcon.colcon_core.package_identification:_identify(src/kitti_publisher) by extension 'ignore_ament_install'
[0.087s] Level 1:colcon.colcon_core.package_identification:_identify(src/kitti_publisher) by extensions ['colcon_pkg']
[0.087s] Level 1:colcon.colcon_core.package_identification:_identify(src/kitti_publisher) by extension 'colcon_pkg'
[0.087s] Level 1:colcon.colcon_core.package_identification:_identify(src/kitti_publisher) by extensions ['colcon_meta']
[0.087s] Level 1:colcon.colcon_core.package_identification:_identify(src/kitti_publisher) by extension 'colcon_meta'
[0.087s] Level 1:colcon.colcon_core.package_identification:_identify(src/kitti_publisher) by extensions ['ros']
[0.087s] Level 1:colcon.colcon_core.package_identification:_identify(src/kitti_publisher) by extension 'ros'
[0.089s] DEBUG:colcon.colcon_core.package_identification:Package 'src/kitti_publisher' with type 'ros.ament_cmake' and name 'kitti_publisher'
[0.089s] Level 1:colcon.colcon_core.package_discovery:discover_packages(recursive) using defaults
[0.089s] Level 1:colcon.colcon_core.package_discovery:discover_packages(ignore) discover
[0.089s] Level 1:colcon.colcon_core.package_discovery:discover_packages(ignore) using defaults
[0.089s] Level 1:colcon.colcon_core.package_discovery:discover_packages(path) discover
[0.089s] Level 1:colcon.colcon_core.package_discovery:discover_packages(path) using defaults
[0.100s] Level 1:colcon.colcon_core.package_discovery:discover_packages(prefix_path) check parameters
[0.100s] Level 1:colcon.colcon_core.package_discovery:discover_packages(prefix_path) discover
[0.101s] DEBUG:colcon.colcon_installed_package_information.package_discovery:Found 1 installed packages in /home/stereo/ESMStereo/kitti_publisher/install
[0.101s] DEBUG:colcon.colcon_installed_package_information.package_discovery:Found 1 installed packages in /home/stereo/disparity_oakdpro/install
[0.102s] DEBUG:colcon.colcon_installed_package_information.package_discovery:Found 362 installed packages in /opt/ros/humble
[0.102s] Level 1:colcon.colcon_core.package_discovery:discover_packages(prefix_path) using defaults
[0.123s] Level 5:colcon.colcon_core.verb:set package 'kitti_publisher' build argument 'cmake_args' from command line to 'None'
[0.123s] Level 5:colcon.colcon_core.verb:set package 'kitti_publisher' build argument 'cmake_target' from command line to 'None'
[0.123s] Level 5:colcon.colcon_core.verb:set package 'kitti_publisher' build argument 'cmake_target_skip_unavailable' from command line to 'False'
[0.123s] Level 5:colcon.colcon_core.verb:set package 'kitti_publisher' build argument 'cmake_clean_cache' from command line to 'False'
[0.123s] Level 5:colcon.colcon_core.verb:set package 'kitti_publisher' build argument 'cmake_clean_first' from command line to 'False'
[0.123s] Level 5:colcon.colcon_core.verb:set package 'kitti_publisher' build argument 'cmake_force_configure' from command line to 'False'
[0.123s] Level 5:colcon.colcon_core.verb:set package 'kitti_publisher' build argument 'ament_cmake_args' from command line to 'None'
[0.123s] Level 5:colcon.colcon_core.verb:set package 'kitti_publisher' build argument 'catkin_cmake_args' from command line to 'None'
[0.123s] Level 5:colcon.colcon_core.verb:set package 'kitti_publisher' build argument 'catkin_skip_building_tests' from command line to 'False'
[0.123s] DEBUG:colcon.colcon_core.verb:Building package 'kitti_publisher' with the following arguments: {'ament_cmake_args': None, 'build_base': '/home/stereo/ESMStereo/kitti_publisher/build/kitti_publisher', 'catkin_cmake_args': None, 'catkin_skip_building_tests': False, 'cmake_args': None, 'cmake_clean_cache': False, 'cmake_clean_first': False, 'cmake_force_configure': False, 'cmake_target': None, 'cmake_target_skip_unavailable': False, 'install_base': '/home/stereo/ESMStereo/kitti_publisher/install/kitti_publisher', 'merge_install': False, 'path': '/home/stereo/ESMStereo/kitti_publisher/src/kitti_publisher', 'symlink_install': False, 'test_result_base': None}
[0.123s] INFO:colcon.colcon_core.executor:Executing jobs using 'parallel' executor
[0.124s] DEBUG:colcon.colcon_parallel_executor.executor.parallel:run_until_complete
[0.124s] INFO:colcon.colcon_ros.task.ament_cmake.build:Building ROS package in '/home/stereo/ESMStereo/kitti_publisher/src/kitti_publisher' with build type 'ament_cmake'
[0.124s] INFO:colcon.colcon_cmake.task.cmake.build:Building CMake package in '/home/stereo/ESMStereo/kitti_publisher/src/kitti_publisher'
[0.125s] INFO:colcon.colcon_core.plugin_system:Skipping extension 'colcon_core.shell.bat': Not used on non-Windows systems
[0.125s] INFO:colcon.colcon_core.shell:Skip shell extension 'powershell' for command environment: Not usable outside of PowerShell
[0.125s] DEBUG:colcon.colcon_core.shell:Skip shell extension 'dsv' for command environment
[0.130s] DEBUG:colcon.colcon_core.event_handler.log_command:Invoking command in '/home/stereo/ESMStereo/kitti_publisher/build/kitti_publisher': CMAKE_PREFIX_PATH=${CMAKE_PREFIX_PATH}:/opt/ros/humble /opt/cmake-3.28.3-linux-x86_64/bin/cmake --build /home/stereo/ESMStereo/kitti_publisher/build/kitti_publisher -- -j12 -l12
[3.807s] DEBUG:colcon.colcon_core.event_handler.log_command:Invoked command in '/home/stereo/ESMStereo/kitti_publisher/build/kitti_publisher' returned '0': CMAKE_PREFIX_PATH=${CMAKE_PREFIX_PATH}:/opt/ros/humble /opt/cmake-3.28.3-linux-x86_64/bin/cmake --build /home/stereo/ESMStereo/kitti_publisher/build/kitti_publisher -- -j12 -l12
[3.809s] DEBUG:colcon.colcon_core.event_handler.log_command:Invoking command in '/home/stereo/ESMStereo/kitti_publisher/build/kitti_publisher': CMAKE_PREFIX_PATH=${CMAKE_PREFIX_PATH}:/opt/ros/humble /opt/cmake-3.28.3-linux-x86_64/bin/cmake --install /home/stereo/ESMStereo/kitti_publisher/build/kitti_publisher
[3.814s] Level 1:colcon.colcon_core.environment:create_environment_scripts_only(kitti_publisher)
[3.814s] DEBUG:colcon.colcon_core.event_handler.log_command:Invoked command in '/home/stereo/ESMStereo/kitti_publisher/build/kitti_publisher' returned '0': CMAKE_PREFIX_PATH=${CMAKE_PREFIX_PATH}:/opt/ros/humble /opt/cmake-3.28.3-linux-x86_64/bin/cmake --install /home/stereo/ESMStereo/kitti_publisher/build/kitti_publisher
[3.815s] Level 1:colcon.colcon_core.environment:checking '/home/stereo/ESMStereo/kitti_publisher/install/kitti_publisher' for CMake module files
[3.815s] Level 1:colcon.colcon_core.environment:checking '/home/stereo/ESMStereo/kitti_publisher/install/kitti_publisher' for CMake config files
[3.815s] Level 1:colcon.colcon_core.shell:create_environment_hook('kitti_publisher', 'cmake_prefix_path')
[3.816s] INFO:colcon.colcon_core.shell:Creating environment hook '/home/stereo/ESMStereo/kitti_publisher/install/kitti_publisher/share/kitti_publisher/hook/cmake_prefix_path.ps1'
[3.816s] INFO:colcon.colcon_core.shell:Creating environment descriptor '/home/stereo/ESMStereo/kitti_publisher/install/kitti_publisher/share/kitti_publisher/hook/cmake_prefix_path.dsv'
[3.816s] INFO:colcon.colcon_core.shell:Creating environment hook '/home/stereo/ESMStereo/kitti_publisher/install/kitti_publisher/share/kitti_publisher/hook/cmake_prefix_path.sh'
[3.817s] Level 1:colcon.colcon_core.environment:checking '/home/stereo/ESMStereo/kitti_publisher/install/kitti_publisher/lib'
[3.817s] Level 1:colcon.colcon_core.environment:checking '/home/stereo/ESMStereo/kitti_publisher/install/kitti_publisher/bin'
[3.817s] Level 1:colcon.colcon_core.environment:checking '/home/stereo/ESMStereo/kitti_publisher/install/kitti_publisher/lib/pkgconfig/kitti_publisher.pc'
[3.817s] Level 1:colcon.colcon_core.environment:checking '/home/stereo/ESMStereo/kitti_publisher/install/kitti_publisher/lib/python3.10/site-packages'
[3.817s] Level 1:colcon.colcon_core.environment:checking '/home/stereo/ESMStereo/kitti_publisher/install/kitti_publisher/bin'
[3.817s] INFO:colcon.colcon_core.shell:Creating package script '/home/stereo/ESMStereo/kitti_publisher/install/kitti_publisher/share/kitti_publisher/package.ps1'
[3.818s] INFO:colcon.colcon_core.shell:Creating package descriptor '/home/stereo/ESMStereo/kitti_publisher/install/kitti_publisher/share/kitti_publisher/package.dsv'
[3.818s] INFO:colcon.colcon_core.shell:Creating package script '/home/stereo/ESMStereo/kitti_publisher/install/kitti_publisher/share/kitti_publisher/package.sh'
[3.819s] INFO:colcon.colcon_core.shell:Creating package script '/home/stereo/ESMStereo/kitti_publisher/install/kitti_publisher/share/kitti_publisher/package.bash'
[3.819s] INFO:colcon.colcon_core.shell:Creating package script '/home/stereo/ESMStereo/kitti_publisher/install/kitti_publisher/share/kitti_publisher/package.zsh'
[3.820s] Level 1:colcon.colcon_core.environment:create_file_with_runtime_dependencies(/home/stereo/ESMStereo/kitti_publisher/install/kitti_publisher/share/colcon-core/packages/kitti_publisher)
[3.820s] Level 1:colcon.colcon_core.environment:create_environment_scripts_only(kitti_publisher)
[3.820s] Level 1:colcon.colcon_core.environment:checking '/home/stereo/ESMStereo/kitti_publisher/install/kitti_publisher' for CMake module files
[3.820s] Level 1:colcon.colcon_core.environment:checking '/home/stereo/ESMStereo/kitti_publisher/install/kitti_publisher' for CMake config files
[3.821s] Level 1:colcon.colcon_core.shell:create_environment_hook('kitti_publisher', 'cmake_prefix_path')
[3.821s] INFO:colcon.colcon_core.shell:Creating environment hook '/home/stereo/ESMStereo/kitti_publisher/install/kitti_publisher/share/kitti_publisher/hook/cmake_prefix_path.ps1'
[3.821s] INFO:colcon.colcon_core.shell:Creating environment descriptor '/home/stereo/ESMStereo/kitti_publisher/install/kitti_publisher/share/kitti_publisher/hook/cmake_prefix_path.dsv'
[3.821s] INFO:colcon.colcon_core.shell:Creating environment hook '/home/stereo/ESMStereo/kitti_publisher/install/kitti_publisher/share/kitti_publisher/hook/cmake_prefix_path.sh'
[3.822s] Level 1:colcon.colcon_core.environment:checking '/home/stereo/ESMStereo/kitti_publisher/install/kitti_publisher/lib'
[3.822s] Level 1:colcon.colcon_core.environment:checking '/home/stereo/ESMStereo/kitti_publisher/install/kitti_publisher/bin'
[3.822s] Level 1:colcon.colcon_core.environment:checking '/home/stereo/ESMStereo/kitti_publisher/install/kitti_publisher/lib/pkgconfig/kitti_publisher.pc'
[3.822s] Level 1:colcon.colcon_core.environment:checking '/home/stereo/ESMStereo/kitti_publisher/install/kitti_publisher/lib/python3.10/site-packages'
[3.822s] Level 1:colcon.colcon_core.environment:checking '/home/stereo/ESMStereo/kitti_publisher/install/kitti_publisher/bin'
[3.822s] INFO:colcon.colcon_core.shell:Creating package script '/home/stereo/ESMStereo/kitti_publisher/install/kitti_publisher/share/kitti_publisher/package.ps1'
[3.823s] INFO:colcon.colcon_core.shell:Creating package descriptor '/home/stereo/ESMStereo/kitti_publisher/install/kitti_publisher/share/kitti_publisher/package.dsv'
[3.823s] INFO:colcon.colcon_core.shell:Creating package script '/home/stereo/ESMStereo/kitti_publisher/install/kitti_publisher/share/kitti_publisher/package.sh'
[3.823s] INFO:colcon.colcon_core.shell:Creating package script '/home/stereo/ESMStereo/kitti_publisher/install/kitti_publisher/share/kitti_publisher/package.bash'
[3.824s] INFO:colcon.colcon_core.shell:Creating package script '/home/stereo/ESMStereo/kitti_publisher/install/kitti_publisher/share/kitti_publisher/package.zsh'
[3.824s] Level 1:colcon.colcon_core.environment:create_file_with_runtime_dependencies(/home/stereo/ESMStereo/kitti_publisher/install/kitti_publisher/share/colcon-core/packages/kitti_publisher)
[3.824s] DEBUG:colcon.colcon_parallel_executor.executor.parallel:closing loop
[3.825s] DEBUG:colcon.colcon_parallel_executor.executor.parallel:loop closed
[3.825s] DEBUG:colcon.colcon_parallel_executor.executor.parallel:run_until_complete finished with '0'
[3.825s] DEBUG:colcon.colcon_core.event_reactor:joining thread
[3.828s] INFO:colcon.colcon_core.plugin_system:Skipping extension 'colcon_notification.desktop_notification.terminal_notifier': Not used on non-Darwin systems
[3.828s] INFO:colcon.colcon_core.plugin_system:Skipping extension 'colcon_notification.desktop_notification.win32': Not used on non-Windows systems
[3.828s] INFO:colcon.colcon_notification.desktop_notification:Sending desktop notification using 'notify2'
[3.840s] DEBUG:colcon.colcon_core.event_reactor:joined thread
[3.840s] INFO:colcon.colcon_core.shell:Creating prefix script '/home/stereo/ESMStereo/kitti_publisher/install/local_setup.ps1'
[3.841s] INFO:colcon.colcon_core.shell:Creating prefix util module '/home/stereo/ESMStereo/kitti_publisher/install/_local_setup_util_ps1.py'
[3.842s] INFO:colcon.colcon_core.shell:Creating prefix chain script '/home/stereo/ESMStereo/kitti_publisher/install/setup.ps1'
[3.843s] INFO:colcon.colcon_core.shell:Creating prefix script '/home/stereo/ESMStereo/kitti_publisher/install/local_setup.sh'
[3.843s] INFO:colcon.colcon_core.shell:Creating prefix util module '/home/stereo/ESMStereo/kitti_publisher/install/_local_setup_util_sh.py'
[3.844s] INFO:colcon.colcon_core.shell:Creating prefix chain script '/home/stereo/ESMStereo/kitti_publisher/install/setup.sh'
[3.844s] INFO:colcon.colcon_core.shell:Creating prefix script '/home/stereo/ESMStereo/kitti_publisher/install/local_setup.bash'
[3.845s] INFO:colcon.colcon_core.shell:Creating prefix chain script '/home/stereo/ESMStereo/kitti_publisher/install/setup.bash'
[3.846s] INFO:colcon.colcon_core.shell:Creating prefix script '/home/stereo/ESMStereo/kitti_publisher/install/local_setup.zsh'
[3.846s] INFO:colcon.colcon_core.shell:Creating prefix chain script '/home/stereo/ESMStereo/kitti_publisher/install/setup.zsh'
