[ 50%] [32mBuilding CXX object CMakeFiles/kitti_publisher_cuda_node.dir/src/kitti_publisher_cuda_node.cpp.o[0m
[100%] [32m[1mLinking CXX executable kitti_publisher_cuda_node[0m
[100%] Built target kitti_publisher_cuda_node
-- Install configuration: ""
-- Installing: /home/stereo/ESMStereo/kitti_publisher/install/kitti_publisher/lib/kitti_publisher/kitti_publisher_cuda_node
-- Set non-toolchain portion of runtime path of "/home/stereo/ESMStereo/kitti_publisher/install/kitti_publisher/lib/kitti_publisher/kitti_publisher_cuda_node" to ""
-- Up-to-date: /home/stereo/ESMStereo/kitti_publisher/install/kitti_publisher/share/kitti_publisher/launch
-- Installing: /home/stereo/ESMStereo/kitti_publisher/install/kitti_publisher/share/kitti_publisher/launch/kitti_publisher_cuda_node.launch.py
-- Up-to-date: /home/stereo/ESMStereo/kitti_publisher/install/kitti_publisher/share/ament_index/resource_index/package_run_dependencies/kitti_publisher
-- Up-to-date: /home/stereo/ESMStereo/kitti_publisher/install/kitti_publisher/share/ament_index/resource_index/parent_prefix_path/kitti_publisher
-- Up-to-date: /home/stereo/ESMStereo/kitti_publisher/install/kitti_publisher/share/kitti_publisher/environment/ament_prefix_path.sh
-- Up-to-date: /home/stereo/ESMStereo/kitti_publisher/install/kitti_publisher/share/kitti_publisher/environment/ament_prefix_path.dsv
-- Up-to-date: /home/stereo/ESMStereo/kitti_publisher/install/kitti_publisher/share/kitti_publisher/environment/path.sh
-- Up-to-date: /home/stereo/ESMStereo/kitti_publisher/install/kitti_publisher/share/kitti_publisher/environment/path.dsv
-- Up-to-date: /home/stereo/ESMStereo/kitti_publisher/install/kitti_publisher/share/kitti_publisher/local_setup.bash
-- Up-to-date: /home/stereo/ESMStereo/kitti_publisher/install/kitti_publisher/share/kitti_publisher/local_setup.sh
-- Up-to-date: /home/stereo/ESMStereo/kitti_publisher/install/kitti_publisher/share/kitti_publisher/local_setup.zsh
-- Up-to-date: /home/stereo/ESMStereo/kitti_publisher/install/kitti_publisher/share/kitti_publisher/local_setup.dsv
-- Installing: /home/stereo/ESMStereo/kitti_publisher/install/kitti_publisher/share/kitti_publisher/package.dsv
-- Up-to-date: /home/stereo/ESMStereo/kitti_publisher/install/kitti_publisher/share/ament_index/resource_index/packages/kitti_publisher
-- Up-to-date: /home/stereo/ESMStereo/kitti_publisher/install/kitti_publisher/share/kitti_publisher/cmake/kitti_publisherConfig.cmake
-- Up-to-date: /home/stereo/ESMStereo/kitti_publisher/install/kitti_publisher/share/kitti_publisher/cmake/kitti_publisherConfig-version.cmake
-- Up-to-date: /home/stereo/ESMStereo/kitti_publisher/install/kitti_publisher/share/kitti_publisher/package.xml
