-- The C compiler identification is GNU 12.3.0
-- The CXX compiler identification is GNU 11.4.0
-- Detecting C compiler ABI info
-- Detecting C compiler ABI info - done
-- Check for working C compiler: /usr/bin/cc - skipped
-- Detecting C compile features
-- Detecting C compile features - done
-- Detecting CXX compiler ABI info
-- Detecting CXX compiler ABI info - done
-- Check for working CXX compiler: /usr/bin/c++ - skipped
-- Detecting CXX compile features
-- Detecting CXX compile features - done
-- Performing Test CMAKE_HAVE_LIBC_PTHREAD
-- Performing Test CMAKE_HAVE_LIBC_PTHREAD - Success
-- Found Threads: TRUE  
-- Found CUDA: /usr/local/cuda (found version "11.7") 
-- Found ament_cmake: 1.3.11 (/opt/ros/humble/share/ament_cmake/cmake)
-- Found Python3: /home/stereo/.pyenv/shims/python3 (found version "3.10.12") found components: Interpreter 
-- Found rclcpp: 16.0.12 (/opt/ros/humble/share/rclcpp/cmake)
-- Found rosidl_generator_c: 3.1.6 (/opt/ros/humble/share/rosidl_generator_c/cmake)
-- Found rosidl_adapter: 3.1.6 (/opt/ros/humble/share/rosidl_adapter/cmake)
-- Found rosidl_generator_cpp: 3.1.6 (/opt/ros/humble/share/rosidl_generator_cpp/cmake)
-- Using all available rosidl_typesupport_c: rosidl_typesupport_fastrtps_c;rosidl_typesupport_introspection_c
-- Using all available rosidl_typesupport_cpp: rosidl_typesupport_fastrtps_cpp;rosidl_typesupport_introspection_cpp
-- Found rmw_implementation_cmake: 6.1.2 (/opt/ros/humble/share/rmw_implementation_cmake/cmake)
-- Found rmw_fastrtps_cpp: 6.2.7 (/opt/ros/humble/share/rmw_fastrtps_cpp/cmake)
-- Found OpenSSL: /usr/lib/x86_64-linux-gnu/libcrypto.so (found version "3.0.2")  
-- Found FastRTPS: /opt/ros/humble/include  
-- Using RMW implementation 'rmw_fastrtps_cpp' as default
-- Found sensor_msgs: 4.8.0 (/opt/ros/humble/share/sensor_msgs/cmake)
-- Found OpenCV: /usr (found version "4.5.4") 
-- Found cv_bridge: 3.2.1 (/opt/ros/humble/share/cv_bridge/cmake)
-- Found tf2_ros: 0.25.12 (/opt/ros/humble/share/tf2_ros/cmake)
-- Found rosbag2_cpp: 0.15.14 (/opt/ros/humble/share/rosbag2_cpp/cmake)
-- Configuring done (1.8s)
-- Generating done (0.0s)
-- Build files have been written to: /home/stereo/ESMStereo/kitti_publisher/build/kitti_publisher
[ 50%] [32mBuilding CXX object CMakeFiles/kitti_publisher_cuda_node.dir/src/kitti_publisher_cuda_node.cpp.o[0m
[100%] [32m[1mLinking CXX executable kitti_publisher_cuda_node[0m
[100%] Built target kitti_publisher_cuda_node
-- Install configuration: ""
-- Installing: /home/stereo/ESMStereo/kitti_publisher/install/kitti_publisher/lib/kitti_publisher/kitti_publisher_cuda_node
-- Set non-toolchain portion of runtime path of "/home/stereo/ESMStereo/kitti_publisher/install/kitti_publisher/lib/kitti_publisher/kitti_publisher_cuda_node" to ""
-- Installing: /home/stereo/ESMStereo/kitti_publisher/install/kitti_publisher/share/kitti_publisher/launch
-- Installing: /home/stereo/ESMStereo/kitti_publisher/install/kitti_publisher/share/kitti_publisher/launch/kitti_publisher_cuda_node.launch.py
-- Installing: /home/stereo/ESMStereo/kitti_publisher/install/kitti_publisher/share/ament_index/resource_index/package_run_dependencies/kitti_publisher
-- Installing: /home/stereo/ESMStereo/kitti_publisher/install/kitti_publisher/share/ament_index/resource_index/parent_prefix_path/kitti_publisher
-- Installing: /home/stereo/ESMStereo/kitti_publisher/install/kitti_publisher/share/kitti_publisher/environment/ament_prefix_path.sh
-- Installing: /home/stereo/ESMStereo/kitti_publisher/install/kitti_publisher/share/kitti_publisher/environment/ament_prefix_path.dsv
-- Installing: /home/stereo/ESMStereo/kitti_publisher/install/kitti_publisher/share/kitti_publisher/environment/path.sh
-- Installing: /home/stereo/ESMStereo/kitti_publisher/install/kitti_publisher/share/kitti_publisher/environment/path.dsv
-- Installing: /home/stereo/ESMStereo/kitti_publisher/install/kitti_publisher/share/kitti_publisher/local_setup.bash
-- Installing: /home/stereo/ESMStereo/kitti_publisher/install/kitti_publisher/share/kitti_publisher/local_setup.sh
-- Installing: /home/stereo/ESMStereo/kitti_publisher/install/kitti_publisher/share/kitti_publisher/local_setup.zsh
-- Installing: /home/stereo/ESMStereo/kitti_publisher/install/kitti_publisher/share/kitti_publisher/local_setup.dsv
-- Installing: /home/stereo/ESMStereo/kitti_publisher/install/kitti_publisher/share/kitti_publisher/package.dsv
-- Installing: /home/stereo/ESMStereo/kitti_publisher/install/kitti_publisher/share/ament_index/resource_index/packages/kitti_publisher
-- Installing: /home/stereo/ESMStereo/kitti_publisher/install/kitti_publisher/share/kitti_publisher/cmake/kitti_publisherConfig.cmake
-- Installing: /home/stereo/ESMStereo/kitti_publisher/install/kitti_publisher/share/kitti_publisher/cmake/kitti_publisherConfig-version.cmake
-- Installing: /home/stereo/ESMStereo/kitti_publisher/install/kitti_publisher/share/kitti_publisher/package.xml
